[31Mar2025 00:00:07.871] [Server thread/WARN] [net.minecraft.network.syncher.SynchedEntityData/]: defineId called for: class forge.net.mca.entity.ZombieVillagerEntityMCA from class forge.net.mca.util.network.datasync.CDataParameter
[31Mar2025 00:00:07.873] [Server thread/WARN] [net.minecraft.network.syncher.SynchedEntityData/]: defineId called for: class forge.net.mca.entity.ZombieVillagerEntityMCA from class forge.net.mca.util.network.datasync.CDataParameter
[31Mar2025 00:00:07.873] [Server thread/WARN] [net.minecraft.network.syncher.SynchedEntityData/]: defineId called for: class forge.net.mca.entity.ZombieVillagerEntityMCA from class forge.net.mca.util.network.datasync.CDataParameter
[31Mar2025 00:00:07.873] [Server thread/WARN] [net.minecraft.network.syncher.SynchedEntityData/]: defineId called for: class forge.net.mca.entity.ZombieVillagerEntityMCA from class forge.net.mca.util.network.datasync.CDataParameter
[31Mar2025 00:00:07.874] [Server thread/WARN] [net.minecraft.network.syncher.SynchedEntityData/]: defineId called for: class forge.net.mca.entity.ZombieVillagerEntityMCA from class forge.net.mca.util.network.datasync.CDataParameter
[31Mar2025 00:00:07.874] [Server thread/WARN] [net.minecraft.network.syncher.SynchedEntityData/]: defineId called for: class forge.net.mca.entity.ZombieVillagerEntityMCA from class forge.net.mca.util.network.datasync.CDataParameter
[31Mar2025 00:00:07.874] [Server thread/WARN] [net.minecraft.network.syncher.SynchedEntityData/]: defineId called for: class forge.net.mca.entity.ZombieVillagerEntityMCA from class forge.net.mca.util.network.datasync.CDataParameter
[31Mar2025 00:00:07.874] [Server thread/WARN] [net.minecraft.network.syncher.SynchedEntityData/]: defineId called for: class forge.net.mca.entity.ZombieVillagerEntityMCA from class forge.net.mca.util.network.datasync.CEnumParameter
[31Mar2025 00:00:07.875] [Server thread/WARN] [net.minecraft.network.syncher.SynchedEntityData/]: defineId called for: class forge.net.mca.entity.ZombieVillagerEntityMCA from class forge.net.mca.util.network.datasync.CDataParameter
[31Mar2025 00:00:07.875] [Server thread/WARN] [net.minecraft.network.syncher.SynchedEntityData/]: defineId called for: class forge.net.mca.entity.ZombieVillagerEntityMCA from class forge.net.mca.util.network.datasync.CDataParameter
[31Mar2025 00:00:07.875] [Server thread/WARN] [net.minecraft.network.syncher.SynchedEntityData/]: defineId called for: class forge.net.mca.entity.ZombieVillagerEntityMCA from class forge.net.mca.util.network.datasync.CDataParameter
[31Mar2025 00:00:07.875] [Server thread/WARN] [net.minecraft.network.syncher.SynchedEntityData/]: defineId called for: class forge.net.mca.entity.ZombieVillagerEntityMCA from class forge.net.mca.util.network.datasync.CDataParameter
[31Mar2025 00:00:07.875] [Server thread/WARN] [net.minecraft.network.syncher.SynchedEntityData/]: defineId called for: class forge.net.mca.entity.ZombieVillagerEntityMCA from class forge.net.mca.util.network.datasync.CDataParameter
[31Mar2025 00:00:07.876] [Server thread/WARN] [net.minecraft.network.syncher.SynchedEntityData/]: defineId called for: class forge.net.mca.entity.ZombieVillagerEntityMCA from class forge.net.mca.util.network.datasync.CDataParameter
[31Mar2025 00:00:07.876] [Server thread/WARN] [net.minecraft.network.syncher.SynchedEntityData/]: defineId called for: class forge.net.mca.entity.ZombieVillagerEntityMCA from class forge.net.mca.util.network.datasync.CDataParameter
[31Mar2025 00:00:07.876] [Server thread/WARN] [net.minecraft.network.syncher.SynchedEntityData/]: defineId called for: class forge.net.mca.entity.ZombieVillagerEntityMCA from class forge.net.mca.util.network.datasync.CDataParameter
[31Mar2025 00:00:07.876] [Server thread/WARN] [net.minecraft.network.syncher.SynchedEntityData/]: defineId called for: class forge.net.mca.entity.ZombieVillagerEntityMCA from class forge.net.mca.util.network.datasync.CDataParameter
[31Mar2025 00:00:07.876] [Server thread/WARN] [net.minecraft.network.syncher.SynchedEntityData/]: defineId called for: class forge.net.mca.entity.ZombieVillagerEntityMCA from class forge.net.mca.util.network.datasync.CDataParameter
[31Mar2025 00:00:07.877] [Server thread/WARN] [net.minecraft.network.syncher.SynchedEntityData/]: defineId called for: class forge.net.mca.entity.ZombieVillagerEntityMCA from class forge.net.mca.util.network.datasync.CDataParameter
[31Mar2025 00:00:07.877] [Server thread/WARN] [net.minecraft.network.syncher.SynchedEntityData/]: defineId called for: class forge.net.mca.entity.ZombieVillagerEntityMCA from class forge.net.mca.util.network.datasync.CEnumParameter
[31Mar2025 00:00:07.877] [Server thread/WARN] [net.minecraft.network.syncher.SynchedEntityData/]: defineId called for: class forge.net.mca.entity.ZombieVillagerEntityMCA from class forge.net.mca.util.network.datasync.CDataParameter
[31Mar2025 00:00:07.877] [Server thread/WARN] [net.minecraft.network.syncher.SynchedEntityData/]: defineId called for: class forge.net.mca.entity.ZombieVillagerEntityMCA from class forge.net.mca.util.network.datasync.CDataParameter
[31Mar2025 00:00:07.877] [Server thread/WARN] [net.minecraft.network.syncher.SynchedEntityData/]: defineId called for: class forge.net.mca.entity.ZombieVillagerEntityMCA from class forge.net.mca.util.network.datasync.CEnumParameter
[31Mar2025 00:00:07.877] [Server thread/WARN] [net.minecraft.network.syncher.SynchedEntityData/]: defineId called for: class forge.net.mca.entity.ZombieVillagerEntityMCA from class forge.net.mca.util.network.datasync.CDataParameter
[31Mar2025 00:00:07.878] [Server thread/WARN] [net.minecraft.network.syncher.SynchedEntityData/]: defineId called for: class forge.net.mca.entity.ZombieVillagerEntityMCA from class forge.net.mca.util.network.datasync.CEnumParameter
[31Mar2025 00:00:07.878] [Server thread/WARN] [net.minecraft.network.syncher.SynchedEntityData/]: defineId called for: class forge.net.mca.entity.ZombieVillagerEntityMCA from class forge.net.mca.util.network.datasync.CEnumParameter
[31Mar2025 00:00:07.878] [Server thread/WARN] [net.minecraft.network.syncher.SynchedEntityData/]: defineId called for: class forge.net.mca.entity.ZombieVillagerEntityMCA from class forge.net.mca.util.network.datasync.CDataParameter
[31Mar2025 00:00:07.878] [Server thread/WARN] [net.minecraft.network.syncher.SynchedEntityData/]: defineId called for: class forge.net.mca.entity.ZombieVillagerEntityMCA from class forge.net.mca.util.network.datasync.CDataParameter
[31Mar2025 00:00:07.878] [Server thread/WARN] [net.minecraft.network.syncher.SynchedEntityData/]: defineId called for: class forge.net.mca.entity.ZombieVillagerEntityMCA from class forge.net.mca.util.network.datasync.CDataParameter
[31Mar2025 00:00:07.878] [Server thread/WARN] [net.minecraft.network.syncher.SynchedEntityData/]: defineId called for: class forge.net.mca.entity.ZombieVillagerEntityMCA from class forge.net.mca.util.network.datasync.CDataParameter
[31Mar2025 00:00:07.879] [Server thread/WARN] [net.minecraft.network.syncher.SynchedEntityData/]: defineId called for: class forge.net.mca.entity.ZombieVillagerEntityMCA from class forge.net.mca.util.network.datasync.CDataParameter
[31Mar2025 00:00:07.879] [Server thread/WARN] [net.minecraft.network.syncher.SynchedEntityData/]: defineId called for: class forge.net.mca.entity.ZombieVillagerEntityMCA from class forge.net.mca.util.network.datasync.CDataParameter
[31Mar2025 00:00:07.879] [Server thread/WARN] [net.minecraft.network.syncher.SynchedEntityData/]: defineId called for: class forge.net.mca.entity.ZombieVillagerEntityMCA from class forge.net.mca.util.network.datasync.CDataParameter
[31Mar2025 00:00:07.879] [Server thread/WARN] [net.minecraft.network.syncher.SynchedEntityData/]: defineId called for: class forge.net.mca.entity.ZombieVillagerEntityMCA from class forge.net.mca.util.network.datasync.CDataParameter
[31Mar2025 00:00:07.879] [Server thread/WARN] [net.minecraft.network.syncher.SynchedEntityData/]: defineId called for: class forge.net.mca.entity.ZombieVillagerEntityMCA from class forge.net.mca.util.network.datasync.CDataParameter
[31Mar2025 00:00:07.879] [Server thread/WARN] [net.minecraft.network.syncher.SynchedEntityData/]: defineId called for: class forge.net.mca.entity.ZombieVillagerEntityMCA from class forge.net.mca.util.network.datasync.CDataParameter
[31Mar2025 00:00:07.879] [Server thread/WARN] [net.minecraft.network.syncher.SynchedEntityData/]: defineId called for: class forge.net.mca.entity.ZombieVillagerEntityMCA from class forge.net.mca.util.network.datasync.CDataParameter
[31Mar2025 00:00:32.913] [Server thread/INFO] [net.minecraft.server.MinecraftServer/]: Rocio528 has completed the challenge [Deception!]
[31Mar2025 00:01:37.076] [Server thread/INFO] [net.minecraft.server.MinecraftServer/]: [MarioCuevas316: Teleported MarioCuevas316 to Rocio528]
[31Mar2025 00:01:38.259] [Server thread/INFO] [net.minecraft.server.MinecraftServer/]: MarioCuevas316 has completed the challenge [Deception!]
[31Mar2025 00:02:01.006] [Server thread/INFO] [net.minecraft.server.MinecraftServer/]: MarioCuevas316 has completed the challenge [Home on The Ranch]
[31Mar2025 00:07:34.699] [Server thread/INFO] [net.minecraft.server.MinecraftServer/]: Rocio528 has made the advancement [Isn't It Iron Pick]
[31Mar2025 00:12:29.359] [Server thread/INFO] [net.minecraft.server.MinecraftServer/]: Rocio528 has made the advancement [Stone Age]
[31Mar2025 00:13:24.707] [Server thread/INFO] [net.minecraft.server.MinecraftServer/]: Rocio528 has made the advancement [Monster Hunter]
[31Mar2025 00:14:38.756] [Server thread/INFO] [net.minecraft.server.MinecraftServer/]: Rocio528 has completed the challenge [Home on The Ranch]
[31Mar2025 00:22:27.060] [Server thread/INFO] [net.minecraft.server.MinecraftServer/]: Unknown or incomplete command, see below for error
[31Mar2025 00:22:27.061] [Server thread/INFO] [net.minecraft.server.MinecraftServer/]: op<--[HERE]
[31Mar2025 00:39:29.374] [Server thread/INFO] [net.minecraft.server.MinecraftServer/]: Rocio528 has made the advancement [Amateur Archaeologist]
[31Mar2025 00:40:49.558] [Server thread/INFO] [net.minecraft.server.MinecraftServer/]: Unknown or incomplete command, see below for error
[31Mar2025 00:40:49.558] [Server thread/INFO] [net.minecraft.server.MinecraftServer/]: op<--[HERE]
[31Mar2025 00:47:26.157] [Server thread/INFO] [net.minecraft.server.MinecraftServer/]: Unknown or incomplete command, see below for error
[31Mar2025 00:47:26.160] [Server thread/INFO] [net.minecraft.server.MinecraftServer/]: op<--[HERE]
[31Mar2025 00:51:42.021] [Server thread/INFO] [net.minecraft.server.MinecraftServer/]: <Rocio528> [name:"zombie", x:1179, y:-43, z:890, dim:minecraft:overworld]
[31Mar2025 00:55:09.307] [Server thread/INFO] [net.minecraft.server.MinecraftServer/]: Unknown or incomplete command, see below for error
[31Mar2025 00:55:09.307] [Server thread/INFO] [net.minecraft.server.MinecraftServer/]: op<--[HERE]
[31Mar2025 00:57:19.776] [Server thread/INFO] [net.minecraft.server.MinecraftServer/]: <MarioCuevas316> [name:"amatista", x:1221, y:-33, z:918, dim:minecraft:overworld]
[31Mar2025 01:09:07.458] [Server thread/INFO] [net.minecraft.server.MinecraftServer/]: [MarioCuevas316: Set Rocio528's game mode to Creative Mode]
[31Mar2025 01:10:56.192] [Server thread/INFO] [net.minecraft.server.MinecraftServer/]: MarioCuevas316 has made the advancement [Suit Up]
[31Mar2025 01:11:43.481] [Server thread/INFO] [net.minecraft.server.MinecraftServer/]: [MarioCuevas316: Set Rocio528's game mode to Survival Mode]
[31Mar2025 01:11:46.856] [Server thread/INFO] [net.minecraft.server.MinecraftServer/]: Rocio528 has made the advancement [Suit Up]
[31Mar2025 01:16:10.856] [Server thread/INFO] [net.minecraft.server.MinecraftServer/]: MarioCuevas316 has made the advancement [Campfire Song Song]
[31Mar2025 01:16:17.160] [Server thread/INFO] [net.minecraft.server.MinecraftServer/]: Rocio528 has made the advancement [Take Aim]
[31Mar2025 01:16:37.959] [Server thread/INFO] [net.minecraft.server.MinecraftServer/]: Rocio528 has made the advancement [Campfire Song Song]
[31Mar2025 01:17:41.564] [Server thread/INFO] [net.minecraft.server.MinecraftServer/]: MarioCuevas316 has made the advancement [Ol' Betsy]
[31Mar2025 01:17:50.110] [Server thread/INFO] [net.minecraft.server.MinecraftServer/]: MarioCuevas316 has made the advancement [Take Aim]
[31Mar2025 01:21:02.312] [Server thread/INFO] [net.minecraft.server.MinecraftServer/]: Rocio528 was slain by Ravager
[31Mar2025 01:21:08.217] [Server thread/INFO] [net.minecraft.server.MinecraftServer/]: [MarioCuevas316: Teleported Rocio528 to MarioCuevas316]
[31Mar2025 01:24:51.278] [Server thread/INFO] [net.minecraft.server.MinecraftServer/]: [MarioCuevas316: Teleported Rocio528 to MarioCuevas316]
[31Mar2025 01:27:20.864] [Server thread/INFO] [net.minecraft.server.MinecraftServer/]: [MarioCuevas316: Teleported MarioCuevas316 to Rocio528]
[31Mar2025 01:30:07.461] [Server thread/INFO] [net.minecraft.server.MinecraftServer/]: MarioCuevas316 has made the advancement [Amateur Archaeologist]
[31Mar2025 01:31:00.008] [Server thread/INFO] [net.minecraft.server.MinecraftServer/]: Unknown or incomplete command, see below for error
[31Mar2025 01:31:00.008] [Server thread/INFO] [net.minecraft.server.MinecraftServer/]: op<--[HERE]
